Started GET "/" for ::1 at 2020-04-16 22:01:31 +0900
Processing by MessagesController#index as HTML
  Rendering messages/index.html.haml within layouts/application
  Rendered messages/index.html.haml within layouts/application (4.6ms)
Completed 500 Internal Server Error in 31ms (ActiveRecord: 0.0ms)


  
SyntaxError (/Users/takeoshunya/projects/chat-space/app/views/layouts/application.html.haml:4: syntax error, unexpected ':', expecting ')'
...ut.attributes({}, nil,:content: "text/html; charset=UTF-8", ...
...                              ^
/Users/takeoshunya/projects/chat-space/app/views/layouts/application.html.haml:4: syntax error, unexpected ',', expecting ')'
...nt: "text/html; charset=UTF-8", "http-equiv": "Content-Type"...
...                              ^
/Users/takeoshunya/projects/chat-space/app/views/layouts/application.html.haml:4: syntax error, unexpected ')', expecting keyword_end
...-equiv": "Content-Type")).to_s);; _hamlout.buffer << (">\n<t...
...                              ^):
  
app/views/layouts/application.html.haml:4: syntax error, unexpected ':', expecting ')'
app/views/layouts/application.html.haml:4: syntax error, unexpected ',', expecting ')'
app/views/layouts/application.html.haml:4: syntax error, unexpected ')', expecting keyword_end
  Rendering /Users/takeoshunya/.rbenv/versions/2.5.1/lib/ruby/gems/2.5.0/gems/actionpack-5.0.7.2/lib/action_dispatch/middleware/templates/rescues/diagnostics.html.erb within rescues/layout
  Rendering /Users/takeoshunya/.rbenv/versions/2.5.1/lib/ruby/gems/2.5.0/gems/actionpack-5.0.7.2/lib/action_dispatch/middleware/templates/rescues/_source.html.erb
  Rendered /Users/takeoshunya/.rbenv/versions/2.5.1/lib/ruby/gems/2.5.0/gems/actionpack-5.0.7.2/lib/action_dispatch/middleware/templates/rescues/_source.html.erb (3.5ms)
  Rendering /Users/takeoshunya/.rbenv/versions/2.5.1/lib/ruby/gems/2.5.0/gems/actionpack-5.0.7.2/lib/action_dispatch/middleware/templates/rescues/_trace.html.erb
  Rendered /Users/takeoshunya/.rbenv/versions/2.5.1/lib/ruby/gems/2.5.0/gems/actionpack-5.0.7.2/lib/action_dispatch/middleware/templates/rescues/_trace.html.erb (1.5ms)
  Rendering /Users/takeoshunya/.rbenv/versions/2.5.1/lib/ruby/gems/2.5.0/gems/actionpack-5.0.7.2/lib/action_dispatch/middleware/templates/rescues/_request_and_response.html.erb
  Rendered /Users/takeoshunya/.rbenv/versions/2.5.1/lib/ruby/gems/2.5.0/gems/actionpack-5.0.7.2/lib/action_dispatch/middleware/templates/rescues/_request_and_response.html.erb (0.8ms)
  Rendered /Users/takeoshunya/.rbenv/versions/2.5.1/lib/ruby/gems/2.5.0/gems/actionpack-5.0.7.2/lib/action_dispatch/middleware/templates/rescues/diagnostics.html.erb within rescues/layout (172.7ms)
Started GET "/" for ::1 at 2020-04-16 22:02:42 +0900
Processing by MessagesController#index as HTML
  Rendering messages/index.html.haml within layouts/application
  Rendered messages/index.html.haml within layouts/application (2.8ms)
Completed 200 OK in 421ms (Views: 416.9ms | ActiveRecord: 0.0ms)


Started GET "/" for ::1 at 2020-04-16 22:14:05 +0900
Processing by MessagesController#index as HTML
  Rendering messages/index.html.haml within layouts/application
  Rendered messages/index.html.haml within layouts/application (2.5ms)
Completed 200 OK in 194ms (Views: 190.1ms | ActiveRecord: 0.0ms)


Started GET "/" for ::1 at 2020-04-16 22:14:41 +0900
Processing by MessagesController#index as HTML
  Rendering messages/index.html.haml within layouts/application
  Rendered messages/index.html.haml within layouts/application (2.2ms)
Completed 500 Internal Server Error in 49ms (ActiveRecord: 0.0ms)


  
ActionView::Template::Error (File to import not found or unreadable: reset.
Load paths:
  /Users/takeoshunya/projects/chat-space/app/assets/config
  /Users/takeoshunya/projects/chat-space/app/assets/images
  /Users/takeoshunya/projects/chat-space/app/assets/javascripts
  /Users/takeoshunya/projects/chat-space/app/assets/stylesheets
  /Users/takeoshunya/projects/chat-space/vendor/assets/javascripts
  /Users/takeoshunya/projects/chat-space/vendor/assets/stylesheets
  /Users/takeoshunya/.rbenv/versions/2.5.1/lib/ruby/gems/2.5.0/gems/jquery-rails-4.3.5/vendor/assets/javascripts
  /Users/takeoshunya/.rbenv/versions/2.5.1/lib/ruby/gems/2.5.0/gems/coffee-rails-4.2.2/lib/assets/javascripts
  /Users/takeoshunya/.rbenv/versions/2.5.1/lib/ruby/gems/2.5.0/gems/actioncable-5.0.7.2/lib/assets/compiled
  /Users/takeoshunya/.rbenv/versions/2.5.1/lib/ruby/gems/2.5.0/gems/turbolinks-source-5.2.0/lib/assets/javascripts):
    3:   %head
    4:     %meta{content: "text/html; charset=UTF-8", "http-equiv": "Content-Type"}/
    5:     %title ChatSpace
    6:     = stylesheet_link_tag    'application', media: 'all', 'data-turbolinks-track' => true
    7:     = javascript_include_tag 'application', 'data-turbolinks-track' => true
    8:     = csrf_meta_tags
    9:   %body
  
app/assets/stylesheets/application.scss:1
app/views/layouts/application.html.haml:6:in `_app_views_layouts_application_html_haml___3061590213595423920_70209974828700'
  Rendering /Users/takeoshunya/.rbenv/versions/2.5.1/lib/ruby/gems/2.5.0/gems/actionpack-5.0.7.2/lib/action_dispatch/middleware/templates/rescues/template_error.html.erb within rescues/layout
  Rendering /Users/takeoshunya/.rbenv/versions/2.5.1/lib/ruby/gems/2.5.0/gems/actionpack-5.0.7.2/lib/action_dispatch/middleware/templates/rescues/_source.html.erb
  Rendered /Users/takeoshunya/.rbenv/versions/2.5.1/lib/ruby/gems/2.5.0/gems/actionpack-5.0.7.2/lib/action_dispatch/middleware/templates/rescues/_source.html.erb (6.4ms)
  Rendering /Users/takeoshunya/.rbenv/versions/2.5.1/lib/ruby/gems/2.5.0/gems/actionpack-5.0.7.2/lib/action_dispatch/middleware/templates/rescues/_trace.html.erb
  Rendered /Users/takeoshunya/.rbenv/versions/2.5.1/lib/ruby/gems/2.5.0/gems/actionpack-5.0.7.2/lib/action_dispatch/middleware/templates/rescues/_trace.html.erb (1.9ms)
  Rendering /Users/takeoshunya/.rbenv/versions/2.5.1/lib/ruby/gems/2.5.0/gems/actionpack-5.0.7.2/lib/action_dispatch/middleware/templates/rescues/_request_and_response.html.erb
  Rendered /Users/takeoshunya/.rbenv/versions/2.5.1/lib/ruby/gems/2.5.0/gems/actionpack-5.0.7.2/lib/action_dispatch/middleware/templates/rescues/_request_and_response.html.erb (0.7ms)
  Rendered /Users/takeoshunya/.rbenv/versions/2.5.1/lib/ruby/gems/2.5.0/gems/actionpack-5.0.7.2/lib/action_dispatch/middleware/templates/rescues/template_error.html.erb within rescues/layout (159.7ms)
Started GET "/" for ::1 at 2020-04-16 22:14:52 +0900
Processing by MessagesController#index as HTML
  Rendering messages/index.html.haml within layouts/application
  Rendered messages/index.html.haml within layouts/application (2.9ms)
Completed 200 OK in 106ms (Views: 101.5ms | ActiveRecord: 0.0ms)


Started GET "/" for ::1 at 2020-04-16 22:15:18 +0900
Processing by MessagesController#index as HTML
  Rendering messages/index.html.haml within layouts/application
  Rendered messages/index.html.haml within layouts/application (1.9ms)
Completed 200 OK in 37ms (Views: 33.2ms | ActiveRecord: 0.0ms)


Started GET "/" for ::1 at 2020-04-16 22:15:20 +0900
Processing by MessagesController#index as HTML
  Rendering messages/index.html.haml within layouts/application
  Rendered messages/index.html.haml within layouts/application (1.8ms)
Completed 200 OK in 36ms (Views: 31.4ms | ActiveRecord: 0.0ms)


Started GET "/" for ::1 at 2020-04-16 22:15:21 +0900
Processing by MessagesController#index as HTML
  Rendering messages/index.html.haml within layouts/application
  Rendered messages/index.html.haml within layouts/application (2.2ms)
Completed 200 OK in 34ms (Views: 30.3ms | ActiveRecord: 0.0ms)


Started GET "/" for ::1 at 2020-04-16 22:15:27 +0900
Processing by MessagesController#index as HTML
  Rendering messages/index.html.haml within layouts/application
  Rendered messages/index.html.haml within layouts/application (2.3ms)
Completed 200 OK in 48ms (Views: 42.8ms | ActiveRecord: 0.0ms)


Started GET "/" for ::1 at 2020-04-16 22:16:17 +0900
Processing by MessagesController#index as HTML
  Rendering messages/index.html.haml within layouts/application
  Rendered messages/index.html.haml within layouts/application (1.6ms)
Completed 200 OK in 124ms (Views: 119.8ms | ActiveRecord: 0.0ms)


Started GET "/" for ::1 at 2020-04-16 22:16:18 +0900
Processing by MessagesController#index as HTML
  Rendering messages/index.html.haml within layouts/application
  Rendered messages/index.html.haml within layouts/application (1.9ms)
Completed 200 OK in 32ms (Views: 28.6ms | ActiveRecord: 0.0ms)


Started GET "/" for ::1 at 2020-04-16 22:17:19 +0900
Processing by MessagesController#index as HTML
  Rendering messages/index.html.haml within layouts/application
  Rendered messages/index.html.haml within layouts/application (2.1ms)
Completed 500 Internal Server Error in 68ms (ActiveRecord: 0.0ms)


  
ActionView::Template::Error (File to import not found or unreadable: font-awesome-sprockets.
Load paths:
  /Users/takeoshunya/projects/chat-space/app/assets/config
  /Users/takeoshunya/projects/chat-space/app/assets/images
  /Users/takeoshunya/projects/chat-space/app/assets/javascripts
  /Users/takeoshunya/projects/chat-space/app/assets/stylesheets
  /Users/takeoshunya/projects/chat-space/vendor/assets/javascripts
  /Users/takeoshunya/projects/chat-space/vendor/assets/stylesheets
  /Users/takeoshunya/.rbenv/versions/2.5.1/lib/ruby/gems/2.5.0/gems/jquery-rails-4.3.5/vendor/assets/javascripts
  /Users/takeoshunya/.rbenv/versions/2.5.1/lib/ruby/gems/2.5.0/gems/coffee-rails-4.2.2/lib/assets/javascripts
  /Users/takeoshunya/.rbenv/versions/2.5.1/lib/ruby/gems/2.5.0/gems/actioncable-5.0.7.2/lib/assets/compiled
  /Users/takeoshunya/.rbenv/versions/2.5.1/lib/ruby/gems/2.5.0/gems/turbolinks-source-5.2.0/lib/assets/javascripts):
    3:   %head
    4:     %meta{content: "text/html; charset=UTF-8", "http-equiv": "Content-Type"}/
    5:     %title ChatSpace
    6:     = stylesheet_link_tag    'application', media: 'all', 'data-turbolinks-track' => true
    7:     = javascript_include_tag 'application', 'data-turbolinks-track' => true
    8:     = csrf_meta_tags
    9:   %body
  
app/assets/stylesheets/application.scss:3
app/views/layouts/application.html.haml:6:in `_app_views_layouts_application_html_haml___3061590213595423920_70210001533560'
  Rendering /Users/takeoshunya/.rbenv/versions/2.5.1/lib/ruby/gems/2.5.0/gems/actionpack-5.0.7.2/lib/action_dispatch/middleware/templates/rescues/template_error.html.erb within rescues/layout
  Rendering /Users/takeoshunya/.rbenv/versions/2.5.1/lib/ruby/gems/2.5.0/gems/actionpack-5.0.7.2/lib/action_dispatch/middleware/templates/rescues/_source.html.erb
  Rendered /Users/takeoshunya/.rbenv/versions/2.5.1/lib/ruby/gems/2.5.0/gems/actionpack-5.0.7.2/lib/action_dispatch/middleware/templates/rescues/_source.html.erb (4.1ms)
  Rendering /Users/takeoshunya/.rbenv/versions/2.5.1/lib/ruby/gems/2.5.0/gems/actionpack-5.0.7.2/lib/action_dispatch/middleware/templates/rescues/_trace.html.erb
  Rendered /Users/takeoshunya/.rbenv/versions/2.5.1/lib/ruby/gems/2.5.0/gems/actionpack-5.0.7.2/lib/action_dispatch/middleware/templates/rescues/_trace.html.erb (1.8ms)
  Rendering /Users/takeoshunya/.rbenv/versions/2.5.1/lib/ruby/gems/2.5.0/gems/actionpack-5.0.7.2/lib/action_dispatch/middleware/templates/rescues/_request_and_response.html.erb
  Rendered /Users/takeoshunya/.rbenv/versions/2.5.1/lib/ruby/gems/2.5.0/gems/actionpack-5.0.7.2/lib/action_dispatch/middleware/templates/rescues/_request_and_response.html.erb (1.0ms)
  Rendered /Users/takeoshunya/.rbenv/versions/2.5.1/lib/ruby/gems/2.5.0/gems/actionpack-5.0.7.2/lib/action_dispatch/middleware/templates/rescues/template_error.html.erb within rescues/layout (149.2ms)
Started GET "/" for ::1 at 2020-04-16 22:17:47 +0900
Processing by MessagesController#index as HTML
  Rendering messages/index.html.haml within layouts/application
  Rendered messages/index.html.haml within layouts/application (1.7ms)
Completed 500 Internal Server Error in 59ms (ActiveRecord: 0.0ms)


  
ActionView::Template::Error (File to import not found or unreadable: font-awesome-sprockets.
Load paths:
  /Users/takeoshunya/projects/chat-space/app/assets/config
  /Users/takeoshunya/projects/chat-space/app/assets/images
  /Users/takeoshunya/projects/chat-space/app/assets/javascripts
  /Users/takeoshunya/projects/chat-space/app/assets/stylesheets
  /Users/takeoshunya/projects/chat-space/vendor/assets/javascripts
  /Users/takeoshunya/projects/chat-space/vendor/assets/stylesheets
  /Users/takeoshunya/.rbenv/versions/2.5.1/lib/ruby/gems/2.5.0/gems/jquery-rails-4.3.5/vendor/assets/javascripts
  /Users/takeoshunya/.rbenv/versions/2.5.1/lib/ruby/gems/2.5.0/gems/coffee-rails-4.2.2/lib/assets/javascripts
  /Users/takeoshunya/.rbenv/versions/2.5.1/lib/ruby/gems/2.5.0/gems/actioncable-5.0.7.2/lib/assets/compiled
  /Users/takeoshunya/.rbenv/versions/2.5.1/lib/ruby/gems/2.5.0/gems/turbolinks-source-5.2.0/lib/assets/javascripts):
    3:   %head
    4:     %meta{content: "text/html; charset=UTF-8", "http-equiv": "Content-Type"}/
    5:     %title ChatSpace
    6:     = stylesheet_link_tag    'application', media: 'all', 'data-turbolinks-track' => true
    7:     = javascript_include_tag 'application', 'data-turbolinks-track' => true
    8:     = csrf_meta_tags
    9:   %body
  
app/assets/stylesheets/application.scss:3
app/views/layouts/application.html.haml:6:in `_app_views_layouts_application_html_haml___3061590213595423920_70210001592940'
  Rendering /Users/takeoshunya/.rbenv/versions/2.5.1/lib/ruby/gems/2.5.0/gems/actionpack-5.0.7.2/lib/action_dispatch/middleware/templates/rescues/template_error.html.erb within rescues/layout
  Rendering /Users/takeoshunya/.rbenv/versions/2.5.1/lib/ruby/gems/2.5.0/gems/actionpack-5.0.7.2/lib/action_dispatch/middleware/templates/rescues/_source.html.erb
  Rendered /Users/takeoshunya/.rbenv/versions/2.5.1/lib/ruby/gems/2.5.0/gems/actionpack-5.0.7.2/lib/action_dispatch/middleware/templates/rescues/_source.html.erb (6.5ms)
  Rendering /Users/takeoshunya/.rbenv/versions/2.5.1/lib/ruby/gems/2.5.0/gems/actionpack-5.0.7.2/lib/action_dispatch/middleware/templates/rescues/_trace.html.erb
  Rendered /Users/takeoshunya/.rbenv/versions/2.5.1/lib/ruby/gems/2.5.0/gems/actionpack-5.0.7.2/lib/action_dispatch/middleware/templates/rescues/_trace.html.erb (2.0ms)
  Rendering /Users/takeoshunya/.rbenv/versions/2.5.1/lib/ruby/gems/2.5.0/gems/actionpack-5.0.7.2/lib/action_dispatch/middleware/templates/rescues/_request_and_response.html.erb
  Rendered /Users/takeoshunya/.rbenv/versions/2.5.1/lib/ruby/gems/2.5.0/gems/actionpack-5.0.7.2/lib/action_dispatch/middleware/templates/rescues/_request_and_response.html.erb (0.9ms)
  Rendered /Users/takeoshunya/.rbenv/versions/2.5.1/lib/ruby/gems/2.5.0/gems/actionpack-5.0.7.2/lib/action_dispatch/middleware/templates/rescues/template_error.html.erb within rescues/layout (194.1ms)
Started GET "/" for ::1 at 2020-04-16 22:18:57 +0900
Processing by MessagesController#index as HTML
  Rendering messages/index.html.haml within layouts/application
  Rendered messages/index.html.haml within layouts/application (4.9ms)
Completed 200 OK in 3270ms (Views: 3257.6ms | ActiveRecord: 0.0ms)


Started GET "/" for ::1 at 2020-04-16 22:22:39 +0900
Processing by MessagesController#index as HTML
  Rendering messages/index.html.haml within layouts/application
  Rendered messages/_side_bar.html.haml (1.5ms)
  Rendered messages/_main_chat.html.haml (1.7ms)
  Rendered messages/index.html.haml within layouts/application (12.9ms)
Completed 200 OK in 89ms (Views: 83.9ms | ActiveRecord: 0.0ms)


